<?xml version="1.0" encoding="UTF-8"?>
<!-- Generated by org.testng.reporters.JUnitXMLReporter -->
<testsuite hostname="Felix-PC" name="Default test" tests="4" failures="0" timestamp="10 Oct 2014 02:44:20 GMT" time="0.068" errors="0">
  <testcase name="testGetSearchTime" time="0.039" classname="com.felix.email.EmailMessageQuerierTest"/>
  <testcase name="testGetSearchTime" time="0.001" classname="com.felix.email.EmailMessageQuerierTest"/>
  <testcase name="testGetSearchTime" time="0.002" classname="com.felix.email.EmailMessageQuerierTest"/>
  <testcase name="testGetSearchTime" time="0.001" classname="com.felix.email.EmailMessageQuerierTest"/>
</testsuite> <!-- Default test -->
